0 info it worked if it ends with ok
1 verbose cli [ '/usr/local/Cellar/node/7.1.0/bin/node',
1 verbose cli   '/usr/local/bin/npm',
1 verbose cli   'run',
1 verbose cli   'deploy' ]
2 info using npm@3.10.9
3 info using node@v7.1.0
4 verbose run-script [ 'predeploy', 'deploy', 'postdeploy' ]
5 info lifecycle voting_app@1.1.0~predeploy: voting_app@1.1.0
6 silly lifecycle voting_app@1.1.0~predeploy: no script for predeploy, continuing
7 info lifecycle voting_app@1.1.0~deploy: voting_app@1.1.0
8 verbose lifecycle voting_app@1.1.0~deploy: unsafe-perm in lifecycle true
9 verbose lifecycle voting_app@1.1.0~deploy: PATH: /usr/local/lib/node_modules/npm/bin/node-gyp-bin:/Users/brianbycynski/Desktop/New-Projects/FullsStack-26/fullstack-react-code/voting_app/node_modules/.bin:/usr/local/Cellar/node/7.1.0/bin:./bin:/usr/local/bin:/usr/local/sbin:/Users/brianbycynski/.dotfiles/bin:/usr/local/bin:/usr/bin:/bin:/usr/sbin:/sbin
10 verbose lifecycle voting_app@1.1.0~deploy: CWD: /Users/brianbycynski/Desktop/New-Projects/FullsStack-26/fullstack-react-code/voting_app
11 silly lifecycle voting_app@1.1.0~deploy: Args: [ '-c',
11 silly lifecycle   'npm run build && surge ./public --domain plastic-agreement.surge.sh' ]
12 silly lifecycle voting_app@1.1.0~deploy: Returned: code: 1  signal: null
13 info lifecycle voting_app@1.1.0~deploy: Failed to exec deploy script
14 verbose stack Error: voting_app@1.1.0 deploy: `npm run build && surge ./public --domain plastic-agreement.surge.sh`
14 verbose stack Exit status 1
14 verbose stack     at EventEmitter.<anonymous> (/usr/local/lib/node_modules/npm/lib/utils/lifecycle.js:255:16)
14 verbose stack     at emitTwo (events.js:106:13)
14 verbose stack     at EventEmitter.emit (events.js:191:7)
14 verbose stack     at ChildProcess.<anonymous> (/usr/local/lib/node_modules/npm/lib/utils/spawn.js:40:14)
14 verbose stack     at emitTwo (events.js:106:13)
14 verbose stack     at ChildProcess.emit (events.js:191:7)
14 verbose stack     at maybeClose (internal/child_process.js:885:16)
14 verbose stack     at Process.ChildProcess._handle.onexit (internal/child_process.js:226:5)
15 verbose pkgid voting_app@1.1.0
16 verbose cwd /Users/brianbycynski/Desktop/New-Projects/FullsStack-26/fullstack-react-code/voting_app
17 error Darwin 16.4.0
18 error argv "/usr/local/Cellar/node/7.1.0/bin/node" "/usr/local/bin/npm" "run" "deploy"
19 error node v7.1.0
20 error npm  v3.10.9
21 error code ELIFECYCLE
22 error voting_app@1.1.0 deploy: `npm run build && surge ./public --domain plastic-agreement.surge.sh`
22 error Exit status 1
23 error Failed at the voting_app@1.1.0 deploy script 'npm run build && surge ./public --domain plastic-agreement.surge.sh'.
23 error Make sure you have the latest version of node.js and npm installed.
23 error If you do, this is most likely a problem with the voting_app package,
23 error not with npm itself.
23 error Tell the author that this fails on your system:
23 error     npm run build && surge ./public --domain plastic-agreement.surge.sh
23 error You can get information on how to open an issue for this project with:
23 error     npm bugs voting_app
23 error Or if that isn't available, you can get their info via:
23 error     npm owner ls voting_app
23 error There is likely additional logging output above.
24 verbose exit [ 1, true ]
